c:\dev\students\ch20\jordan.diaz\prog 2\fieagameengine\fieagameengine\build\win32\debug\fieagameengine.pch
c:\dev\students\ch20\jordan.diaz\prog 2\fieagameengine\lib\win32-debug\fieagameengine.pdb
c:\dev\students\ch20\jordan.diaz\prog 2\fieagameengine\lib\win32-debug\fieagameengine.idb
c:\dev\students\ch20\jordan.diaz\prog 2\fieagameengine\fieagameengine\build\win32\debug\pch.obj
c:\dev\students\ch20\jordan.diaz\prog 2\fieagameengine\fieagameengine\build\win32\debug\typemanager.obj
c:\dev\students\ch20\jordan.diaz\prog 2\fieagameengine\fieagameengine\build\win32\debug\scopewrapper.obj
c:\dev\students\ch20\jordan.diaz\prog 2\fieagameengine\fieagameengine\build\win32\debug\scopehelper.obj
c:\dev\students\ch20\jordan.diaz\prog 2\fieagameengine\fieagameengine\build\win32\debug\scope.obj
c:\dev\students\ch20\jordan.diaz\prog 2\fieagameengine\fieagameengine\build\win32\debug\rtti.obj
c:\dev\students\ch20\jordan.diaz\prog 2\fieagameengine\fieagameengine\build\win32\debug\parsecoordinator.obj
c:\dev\students\ch20\jordan.diaz\prog 2\fieagameengine\fieagameengine\build\win32\debug\iparsehandler.obj
c:\dev\students\ch20\jordan.diaz\prog 2\fieagameengine\fieagameengine\build\win32\debug\intwrapper.obj
c:\dev\students\ch20\jordan.diaz\prog 2\fieagameengine\fieagameengine\build\win32\debug\integerhelper.obj
c:\dev\students\ch20\jordan.diaz\prog 2\fieagameengine\fieagameengine\build\win32\debug\datum.obj
c:\dev\students\ch20\jordan.diaz\prog 2\fieagameengine\fieagameengine\build\win32\debug\attributedfoo.obj
c:\dev\students\ch20\jordan.diaz\prog 2\fieagameengine\fieagameengine\build\win32\debug\attributedbar.obj
c:\dev\students\ch20\jordan.diaz\prog 2\fieagameengine\fieagameengine\build\win32\debug\attributed.obj
c:\dev\students\ch20\jordan.diaz\prog 2\fieagameengine\lib\win32-debug\jsoncpp.dll
c:\dev\students\ch20\jordan.diaz\prog 2\fieagameengine\lib\win32-debug\fieagameengine.lib
c:\dev\students\ch20\jordan.diaz\prog 2\fieagameengine\fieagameengine\build\win32\debug\fieagameengine.tlog\cl.command.1.tlog
c:\dev\students\ch20\jordan.diaz\prog 2\fieagameengine\fieagameengine\build\win32\debug\fieagameengine.tlog\cl.items.tlog
c:\dev\students\ch20\jordan.diaz\prog 2\fieagameengine\fieagameengine\build\win32\debug\fieagameengine.tlog\cl.read.1.tlog
c:\dev\students\ch20\jordan.diaz\prog 2\fieagameengine\fieagameengine\build\win32\debug\fieagameengine.tlog\cl.write.1.tlog
c:\dev\students\ch20\jordan.diaz\prog 2\fieagameengine\fieagameengine\build\win32\debug\fieagameengine.tlog\copylocal.read.1u.tlog
c:\dev\students\ch20\jordan.diaz\prog 2\fieagameengine\fieagameengine\build\win32\debug\fieagameengine.tlog\copylocal.write.1u.tlog
c:\dev\students\ch20\jordan.diaz\prog 2\fieagameengine\fieagameengine\build\win32\debug\fieagameengine.tlog\lib-link.read.1.tlog
c:\dev\students\ch20\jordan.diaz\prog 2\fieagameengine\fieagameengine\build\win32\debug\fieagameengine.tlog\lib-link.write.1.tlog
c:\dev\students\ch20\jordan.diaz\prog 2\fieagameengine\fieagameengine\build\win32\debug\fieagameengine.tlog\lib.command.1.tlog
