c:\dev\students\ch20\jordan.diaz\prog 2\fieagameengine\fieagameengine\build\x64\debug\fieagameengine.pch
c:\dev\students\ch20\jordan.diaz\prog 2\fieagameengine\lib\x64-debug\fieagameengine.pdb
c:\dev\students\ch20\jordan.diaz\prog 2\fieagameengine\lib\x64-debug\fieagameengine.idb
c:\dev\students\ch20\jordan.diaz\prog 2\fieagameengine\fieagameengine\build\x64\debug\pch.obj
c:\dev\students\ch20\jordan.diaz\prog 2\fieagameengine\fieagameengine\build\x64\debug\typemanager.obj
c:\dev\students\ch20\jordan.diaz\prog 2\fieagameengine\fieagameengine\build\x64\debug\scopewrapper.obj
c:\dev\students\ch20\jordan.diaz\prog 2\fieagameengine\fieagameengine\build\x64\debug\scopehelper.obj
c:\dev\students\ch20\jordan.diaz\prog 2\fieagameengine\fieagameengine\build\x64\debug\scope.obj
c:\dev\students\ch20\jordan.diaz\prog 2\fieagameengine\fieagameengine\build\x64\debug\rtti.obj
c:\dev\students\ch20\jordan.diaz\prog 2\fieagameengine\fieagameengine\build\x64\debug\parsecoordinator.obj
c:\dev\students\ch20\jordan.diaz\prog 2\fieagameengine\fieagameengine\build\x64\debug\monster.obj
c:\dev\students\ch20\jordan.diaz\prog 2\fieagameengine\fieagameengine\build\x64\debug\iparsehandler.obj
c:\dev\students\ch20\jordan.diaz\prog 2\fieagameengine\fieagameengine\build\x64\debug\intwrapper.obj
c:\dev\students\ch20\jordan.diaz\prog 2\fieagameengine\fieagameengine\build\x64\debug\integerhelper.obj
c:\dev\students\ch20\jordan.diaz\prog 2\fieagameengine\fieagameengine\build\x64\debug\hero.obj
c:\dev\students\ch20\jordan.diaz\prog 2\fieagameengine\fieagameengine\build\x64\debug\datum.obj
c:\dev\students\ch20\jordan.diaz\prog 2\fieagameengine\fieagameengine\build\x64\debug\attributedfoo.obj
c:\dev\students\ch20\jordan.diaz\prog 2\fieagameengine\fieagameengine\build\x64\debug\attributedbar.obj
c:\dev\students\ch20\jordan.diaz\prog 2\fieagameengine\fieagameengine\build\x64\debug\attributed.obj
c:\dev\students\ch20\jordan.diaz\prog 2\fieagameengine\fieagameengine\build\x64\debug\actionlistwhile.obj
c:\dev\students\ch20\jordan.diaz\prog 2\fieagameengine\fieagameengine\build\x64\debug\actionlist.obj
c:\dev\students\ch20\jordan.diaz\prog 2\fieagameengine\fieagameengine\build\x64\debug\actionincrement.obj
c:\dev\students\ch20\jordan.diaz\prog 2\fieagameengine\fieagameengine\build\x64\debug\action.obj
c:\dev\students\ch20\jordan.diaz\prog 2\fieagameengine\lib\x64-debug\fulljson.json
c:\dev\students\ch20\jordan.diaz\prog 2\fieagameengine\lib\x64-debug\jsoncpp.dll
c:\dev\students\ch20\jordan.diaz\prog 2\fieagameengine\fieagameengine\build\x64\debug\fieagameengine.tlog\cl.command.1.tlog
c:\dev\students\ch20\jordan.diaz\prog 2\fieagameengine\fieagameengine\build\x64\debug\fieagameengine.tlog\cl.read.1.tlog
c:\dev\students\ch20\jordan.diaz\prog 2\fieagameengine\fieagameengine\build\x64\debug\fieagameengine.tlog\cl.write.1.tlog
c:\dev\students\ch20\jordan.diaz\prog 2\fieagameengine\fieagameengine\build\x64\debug\fieagameengine.tlog\copyfile.command.1.tlog
c:\dev\students\ch20\jordan.diaz\prog 2\fieagameengine\fieagameengine\build\x64\debug\fieagameengine.tlog\copyfile.read.1.tlog
c:\dev\students\ch20\jordan.diaz\prog 2\fieagameengine\fieagameengine\build\x64\debug\fieagameengine.tlog\copyfile.write.1.tlog
c:\dev\students\ch20\jordan.diaz\prog 2\fieagameengine\fieagameengine\build\x64\debug\fieagameengine.tlog\copylocal.read.1u.tlog
c:\dev\students\ch20\jordan.diaz\prog 2\fieagameengine\fieagameengine\build\x64\debug\fieagameengine.tlog\copylocal.write.1u.tlog
