c:\dev\students\ch20\jordan.diaz\prog 2\fieagameengine\fieagameengine\build\win32\release\fieagameengine.pch
c:\dev\students\ch20\jordan.diaz\prog 2\fieagameengine\lib\win32-release\fieagameengine.pdb
c:\dev\students\ch20\jordan.diaz\prog 2\fieagameengine\fieagameengine\build\win32\release\pch.obj
c:\dev\students\ch20\jordan.diaz\prog 2\fieagameengine\fieagameengine\build\win32\release\typemanager.obj
c:\dev\students\ch20\jordan.diaz\prog 2\fieagameengine\fieagameengine\build\win32\release\scopewrapper.obj
c:\dev\students\ch20\jordan.diaz\prog 2\fieagameengine\fieagameengine\build\win32\release\scopehelper.obj
c:\dev\students\ch20\jordan.diaz\prog 2\fieagameengine\fieagameengine\build\win32\release\scope.obj
c:\dev\students\ch20\jordan.diaz\prog 2\fieagameengine\fieagameengine\build\win32\release\rtti.obj
c:\dev\students\ch20\jordan.diaz\prog 2\fieagameengine\fieagameengine\build\win32\release\parsecoordinator.obj
c:\dev\students\ch20\jordan.diaz\prog 2\fieagameengine\fieagameengine\build\win32\release\iparsehandler.obj
c:\dev\students\ch20\jordan.diaz\prog 2\fieagameengine\fieagameengine\build\win32\release\intwrapper.obj
c:\dev\students\ch20\jordan.diaz\prog 2\fieagameengine\fieagameengine\build\win32\release\integerhelper.obj
c:\dev\students\ch20\jordan.diaz\prog 2\fieagameengine\fieagameengine\build\win32\release\datum.obj
c:\dev\students\ch20\jordan.diaz\prog 2\fieagameengine\fieagameengine\build\win32\release\attributedfoo.obj
c:\dev\students\ch20\jordan.diaz\prog 2\fieagameengine\fieagameengine\build\win32\release\attributedbar.obj
c:\dev\students\ch20\jordan.diaz\prog 2\fieagameengine\fieagameengine\build\win32\release\attributed.obj
c:\dev\students\ch20\jordan.diaz\prog 2\fieagameengine\lib\win32-release\jsoncpp.dll
c:\dev\students\ch20\jordan.diaz\prog 2\fieagameengine\lib\win32-release\fieagameengine.lib
c:\dev\students\ch20\jordan.diaz\prog 2\fieagameengine\fieagameengine\build\win32\release\fieagameengine.tlog\cl.command.1.tlog
c:\dev\students\ch20\jordan.diaz\prog 2\fieagameengine\fieagameengine\build\win32\release\fieagameengine.tlog\cl.items.tlog
c:\dev\students\ch20\jordan.diaz\prog 2\fieagameengine\fieagameengine\build\win32\release\fieagameengine.tlog\cl.read.1.tlog
c:\dev\students\ch20\jordan.diaz\prog 2\fieagameengine\fieagameengine\build\win32\release\fieagameengine.tlog\cl.write.1.tlog
c:\dev\students\ch20\jordan.diaz\prog 2\fieagameengine\fieagameengine\build\win32\release\fieagameengine.tlog\copylocal.read.1u.tlog
c:\dev\students\ch20\jordan.diaz\prog 2\fieagameengine\fieagameengine\build\win32\release\fieagameengine.tlog\copylocal.write.1u.tlog
c:\dev\students\ch20\jordan.diaz\prog 2\fieagameengine\fieagameengine\build\win32\release\fieagameengine.tlog\lib-link.read.1.tlog
c:\dev\students\ch20\jordan.diaz\prog 2\fieagameengine\fieagameengine\build\win32\release\fieagameengine.tlog\lib-link.write.1.tlog
c:\dev\students\ch20\jordan.diaz\prog 2\fieagameengine\fieagameengine\build\win32\release\fieagameengine.tlog\lib.command.1.tlog
